VIOLET VIPERS
USA HOT CHICKS
TYPHOONS
TULIPS
TOUCANS
TONYs TIGERSSSSS
TIGERS
TERRIFIC TIGERS
TEAM USA
TEAL TITANS
TANGERINES
SURGE
SUPER SONIC SOCCERS
SUNKISSED
SUGER BEES
STRIKE FORCE
STING RAYS
STARFISH
SPRINTERS
SPEEDY TURTLES
SPARKS
SOUR APPLE
SOCCER SISTERS
SOCCER BOMBS
SNOW DEVILS
SMASHING CLOVERS
SLAMMER
SILVER SURFERS
SILVER SHARKS
SILVER BUTTERFLIES
SHOCKWAVE
SHARK ATTACK
SCREAMING EAGLES
SABOTAGE
MUTINY
MONARCHS
MILLENNIUM JUMPERS
MIGHTY RAPTORS
MIGHTY GRASSHOPPERS
MIDNIGHT RAIDERS
MENEHUNES
MASTER MEWTWO
MANTIS
MAGENTA RAVENS
FUGITIVES
FLYERS
FLAMES
FIRE KRAKERS
FIRE CRACKER
FIRE STRIKERS
FIRE ANGELS
FEISTY CHICKS
AWESOME BLOSSOMS
ATLAS
ANTEATERS
AMERICAN WOMAN
ALMOST ANGELS
AGUlLAS
Cei 4 fantastici
Winner
Monster
L & M
Pic si Poc
Do Not Stop

--- ROUND NO:1
VIOLET VIPERS                    -                   USA HOT CHICKS
TYPHOONS                         -                           TULIPS
TOUCANS                          -                 TONYs TIGERSSSSS
TIGERS                           -                  TERRIFIC TIGERS
TEAM USA                         -                      TEAL TITANS
TANGERINES                       -                            SURGE
SUPER SONIC SOCCERS              -                        SUNKISSED
SUGER BEES                       -                     STRIKE FORCE
STING RAYS                       -                         STARFISH
SPRINTERS                        -                   SPEEDY TURTLES
SPARKS                           -                       SOUR APPLE
SOCCER SISTERS                   -                     SOCCER BOMBS
SNOW DEVILS                      -                 SMASHING CLOVERS
SLAMMER                          -                   SILVER SURFERS
SILVER SHARKS                    -               SILVER BUTTERFLIES
SHOCKWAVE                        -                     SHARK ATTACK
SCREAMING EAGLES                 -                         SABOTAGE
MUTINY                           -                         MONARCHS
MILLENNIUM JUMPERS               -                   MIGHTY RAPTORS
MIGHTY GRASSHOPPERS              -                 MIDNIGHT RAIDERS
MENEHUNES                        -                    MASTER MEWTWO
MANTIS                           -                   MAGENTA RAVENS
FUGITIVES                        -                           FLYERS
FLAMES                           -                     FIRE KRAKERS
FIRE CRACKER                     -                    FIRE STRIKERS
FIRE ANGELS                      -                    FEISTY CHICKS
AWESOME BLOSSOMS                 -                            ATLAS
ANTEATERS                        -                   AMERICAN WOMAN
ALMOST ANGELS                    -                          AGUlLAS
Cei 4 fantastici                 -                           Winner
Monster                          -                            L & M
Pic si Poc                       -                      Do Not Stop

WINNERS OF ROUND NO:1
Do Not Stop                       -  5.50
L & M                             -  7.00
Winner                            -  8.33
AGUlLAS                           -  7.33
AMERICAN WOMAN                    -  7.83
ATLAS                             -  7.67
FIRE ANGELS                       -  7.33
FIRE STRIKERS                     -  6.67
FIRE KRAKERS                      -  6.83
FUGITIVES                         -  6.17
MAGENTA RAVENS                    -  7.17
MASTER MEWTWO                     -  6.67
MIGHTY GRASSHOPPERS               -  7.67
MILLENNIUM JUMPERS                -  6.83
MONARCHS                          -  6.00
SCREAMING EAGLES                  -  7.17
SHARK ATTACK                      -  5.67
SILVER SHARKS                     -  6.17
SILVER SURFERS                    -  5.50
SNOW DEVILS                       -  6.17
SOCCER BOMBS                      -  4.17
SPARKS                            -  7.17
SPRINTERS                         -  9.50
STARFISH                          -  6.33
STRIKE FORCE                      -  8.33
SUNKISSED                         -  6.50
SURGE                             -  6.67
TEAL TITANS                       -  8.67
TERRIFIC TIGERS                   -  8.50
TOUCANS                           -  5.67
TULIPS                            -  7.17
USA HOT CHICKS                    -  7.00

--- ROUND NO:2
Do Not Stop                      -                            L & M
Winner                           -                          AGUlLAS
AMERICAN WOMAN                   -                            ATLAS
FIRE ANGELS                      -                    FIRE STRIKERS
FIRE KRAKERS                     -                        FUGITIVES
MAGENTA RAVENS                   -                    MASTER MEWTWO
MIGHTY GRASSHOPPERS              -               MILLENNIUM JUMPERS
MONARCHS                         -                 SCREAMING EAGLES
SHARK ATTACK                     -                    SILVER SHARKS
SILVER SURFERS                   -                      SNOW DEVILS
SOCCER BOMBS                     -                           SPARKS
SPRINTERS                        -                         STARFISH
STRIKE FORCE                     -                        SUNKISSED
SURGE                            -                      TEAL TITANS
TERRIFIC TIGERS                  -                          TOUCANS
TULIPS                           -                   USA HOT CHICKS

WINNERS OF ROUND NO:2
TULIPS                            -  8.17
TERRIFIC TIGERS                   -  9.50
TEAL TITANS                       -  9.67
STRIKE FORCE                      -  9.33
SPRINTERS                         -  10.50
SPARKS                            -  8.17
SNOW DEVILS                       -  7.17
SILVER SHARKS                     -  7.17
SCREAMING EAGLES                  -  8.17
MIGHTY GRASSHOPPERS               -  8.67
MAGENTA RAVENS                    -  8.17
FIRE KRAKERS                      -  7.83
FIRE ANGELS                       -  8.33
AMERICAN WOMAN                    -  8.83
Winner                            -  9.33
L & M                             -  8.00

--- ROUND NO:3
TULIPS                           -                  TERRIFIC TIGERS
TEAL TITANS                      -                     STRIKE FORCE
SPRINTERS                        -                           SPARKS
SNOW DEVILS                      -                    SILVER SHARKS
SCREAMING EAGLES                 -              MIGHTY GRASSHOPPERS
MAGENTA RAVENS                   -                     FIRE KRAKERS
FIRE ANGELS                      -                   AMERICAN WOMAN
Winner                           -                            L & M

WINNERS OF ROUND NO:3
Winner                            -  10.33
AMERICAN WOMAN                    -  9.83
MAGENTA RAVENS                    -  9.17
MIGHTY GRASSHOPPERS               -  9.67
SILVER SHARKS                     -  8.17
SPRINTERS                         -  11.50
TEAL TITANS                       -  10.67
TERRIFIC TIGERS                   -  10.50

--- ROUND NO:4
Winner                           -                   AMERICAN WOMAN
MAGENTA RAVENS                   -              MIGHTY GRASSHOPPERS
SILVER SHARKS                    -                        SPRINTERS
TEAL TITANS                      -                  TERRIFIC TIGERS

WINNERS OF ROUND NO:4
TEAL TITANS                       -  11.67
SPRINTERS                         -  12.50
MIGHTY GRASSHOPPERS               -  10.67
Winner                            -  11.33

--- ROUND NO:5
TEAL TITANS                      -                        SPRINTERS
MIGHTY GRASSHOPPERS              -                           Winner

WINNERS OF ROUND NO:5
Winner                            -  12.33
SPRINTERS                         -  13.50

--- ROUND NO:6
Winner                           -                        SPRINTERS

WINNERS OF ROUND NO:6
SPRINTERS                         -  14.50

SPRINTERS


TOP 8 TEAMS:
SPRINTERS                         -  11.50
TEAL TITANS                       -  10.67
TERRIFIC TIGERS                   -  10.50
Winner                            -  10.33
AMERICAN WOMAN                    -  9.83
MIGHTY GRASSHOPPERS               -  9.67
MAGENTA RAVENS                    -  9.17
SILVER SHARKS                     -  8.17

