VOLCANO BLAST
VIOLET VIPERS
VELOCE CHICKS
USA HOT CHICKS
UN MELLOW YELLOW
TYPHOONS
TWEETIE BIRDS
TULIPS
TROPICAL STORM
TOUCANS
TORPEDOS
TONYs TIGERSSS
TITANS
TIGERS
TIDAL WAVES
TERRIFIC TIGERS
TEH DRAGONS
TEAM USA
TEAM DYNAMITE
TEAL TITANS
TAZMANIACS
TANGERINES
T -BIRDS
SURGE
SUPER STARS
SUPER SONIC SOCCERS
SUPER GIRLS
SUNKISSED
SUN CHICKS
SUGER BEES
STRIKING COBRAS
STRIKE FORCE
STINKY CHEESE
STING RAYS
STATIC X
STARFISH
STAR JETS MACH I
SPRINTERS
SPITFIRE
SPEEDY TURTLES
SPEED DEMONS
SPARKS
SOUL TAKERS
SOUR APPLE
SOCCER STARS
SOCCER SISTERS
SOCCER CHICKS
SOCCER BOMBS
SOC-R-MON
SNOW DEVILS
SMURFETTES
SMASHING CLOVERS
SLIME GREEN SCORPIONS
SLAMMER
SILVER X- TREME
SILVER SURFERS
SSILVER STREAKS
SILVER SHARKS
SILVER KNIGHTS
SILVER BUTTERFLIES
SILVER ANGELS
SHOCKWAVE
SHARP SHOOTERS
SHARK ATTACK
SECURITY SMURFS
SCREAMING EAGLES
SCORING ANGELS
SABOTAGE
MIGHTY MOOVERS
MUTINY
MONSOON
MONARCHS
MIRAGE
MILLENNIUM JUMPERS
MIGHTY STINGRAYS
MIGHTY RAPTORS
MIGHTY MERMAIDS
MIGHTY GRASSHOPPERS
MIGHTY BLUE DRAGONS
MIDNIGHT RAIDERS
MIDNIGHT EXPRESS
MENEHUNES
MEAN GREEN FIGHTING MACHINE
MASTER MEWTWO
MAROON MADNESS
MANTIS
MAJOR TROUBLE
MAGENTA RAVENS
FURY GIRLS
FUGITIVES
FORCE
FLYERS
FLASH BACK
FLAMES
FLAME BOYS
FIRE KRAKERS
FLAMING HOT CHEETOS
FIRE CRACKER
FIREBIRDS
FIRE STRIKERS
FIRE BLASTERS
FIRE ANGELS
FIGHTING TIGERS
FEISTY CHICKS
FALCONS
AWESOME BLOSSOMS
ATOMS
ATLAS
ARSENAL
ANTEATERS
ANGELS GONE BAD
AMERICAN WOMAN
AMERICAN BEAUTIES
ALMOST ANGELS
ALIGATORS
AGUlLAS
Hellacious Hackers
Cei 4 fantastici
Fanstasticii
Winner
Spartanii
Monster
Albus si Galbenus
L & M
Black swans
Pic si Poc
No Fear
Do Not Stop

--- ROUND NO:1
VOLCANO BLAST                    -                    VIOLET VIPERS
VELOCE CHICKS                    -                   USA HOT CHICKS
UN MELLOW YELLOW                 -                         TYPHOONS
TWEETIE BIRDS                    -                           TULIPS
TROPICAL STORM                   -                          TOUCANS
TORPEDOS                         -                   TONYs TIGERSSS
TITANS                           -                           TIGERS
TIDAL WAVES                      -                  TERRIFIC TIGERS
TEH DRAGONS                      -                         TEAM USA
TEAM DYNAMITE                    -                      TEAL TITANS
TAZMANIACS                       -                       TANGERINES
T -BIRDS                         -                            SURGE
SUPER STARS                      -              SUPER SONIC SOCCERS
SUPER GIRLS                      -                        SUNKISSED
SUN CHICKS                       -                       SUGER BEES
STRIKING COBRAS                  -                     STRIKE FORCE
STINKY CHEESE                    -                       STING RAYS
STATIC X                         -                         STARFISH
STAR JETS MACH I                 -                        SPRINTERS
SPITFIRE                         -                   SPEEDY TURTLES
SPEED DEMONS                     -                           SPARKS
SOUL TAKERS                      -                       SOUR APPLE
SOCCER STARS                     -                   SOCCER SISTERS
SOCCER CHICKS                    -                     SOCCER BOMBS
SOC-R-MON                        -                      SNOW DEVILS
SMURFETTES                       -                 SMASHING CLOVERS
SLIME GREEN SCORPIONS            -                          SLAMMER
SILVER X- TREME                  -                   SILVER SURFERS
SSILVER STREAKS                  -                    SILVER SHARKS
SILVER KNIGHTS                   -               SILVER BUTTERFLIES
SILVER ANGELS                    -                        SHOCKWAVE
SHARP SHOOTERS                   -                     SHARK ATTACK
SECURITY SMURFS                  -                 SCREAMING EAGLES
SCORING ANGELS                   -                         SABOTAGE
MIGHTY MOOVERS                   -                           MUTINY
MONSOON                          -                         MONARCHS
MIRAGE                           -               MILLENNIUM JUMPERS
MIGHTY STINGRAYS                 -                   MIGHTY RAPTORS
MIGHTY MERMAIDS                  -              MIGHTY GRASSHOPPERS
MIGHTY BLUE DRAGONS              -                 MIDNIGHT RAIDERS
MIDNIGHT EXPRESS                 -                        MENEHUNES
MEAN GREEN FIGHTING MACHINE      -                    MASTER MEWTWO
MAROON MADNESS                   -                           MANTIS
MAJOR TROUBLE                    -                   MAGENTA RAVENS
FURY GIRLS                       -                        FUGITIVES
FORCE                            -                           FLYERS
FLASH BACK                       -                           FLAMES
FLAME BOYS                       -                     FIRE KRAKERS
FLAMING HOT CHEETOS              -                     FIRE CRACKER
FIREBIRDS                        -                    FIRE STRIKERS
FIRE BLASTERS                    -                      FIRE ANGELS
FIGHTING TIGERS                  -                    FEISTY CHICKS
FALCONS                          -                 AWESOME BLOSSOMS
ATOMS                            -                            ATLAS
ARSENAL                          -                        ANTEATERS
ANGELS GONE BAD                  -                   AMERICAN WOMAN
AMERICAN BEAUTIES                -                    ALMOST ANGELS
ALIGATORS                        -                          AGUlLAS
Hellacious Hackers               -                 Cei 4 fantastici
Fanstasticii                     -                           Winner
Spartanii                        -                          Monster
Albus si Galbenus                -                            L & M
Black swans                      -                       Pic si Poc
No Fear                          -                      Do Not Stop

WINNERS OF ROUND NO:1
Do Not Stop                       -  6.33
Pic si Poc                        -  5.33
L & M                             -  8.33
Spartanii                         -  7.67
Winner                            -  8.67
Hellacious Hackers                -  7.67
AGUlLAS                           -  7.67
ALMOST ANGELS                     -  7.67
ANGELS GONE BAD                   -  10.00
ARSENAL                           -  6.33
ATOMS                             -  8.67
FALCONS                           -  7.33
FIGHTING TIGERS                   -  7.67
FIRE ANGELS                       -  8.67
FIRE STRIKERS                     -  6.67
FLAMING HOT CHEETOS               -  7.67
FLAME BOYS                        -  7.33
FLASH BACK                        -  5.00
FORCE                             -  6.67
FUGITIVES                         -  6.67
MAGENTA RAVENS                    -  9.33
MANTIS                            -  7.67
MEAN GREEN FIGHTING MACHINE       -  7.33
MIDNIGHT EXPRESS                  -  6.00
MIDNIGHT RAIDERS                  -  4.67
MIGHTY GRASSHOPPERS               -  9.33
MIGHTY RAPTORS                    -  5.33
MIRAGE                            -  8.33
MONARCHS                          -  6.67
MUTINY                            -  5.33
SCORING ANGELS                    -  5.00
SECURITY SMURFS                   -  8.67
SHARK ATTACK                      -  7.67
SHOCKWAVE                         -  4.67
SILVER BUTTERFLIES                -  6.33
SILVER SHARKS                     -  8.67
SILVER SURFERS                    -  5.67
SLIME GREEN SCORPIONS             -  4.67
SMASHING CLOVERS                  -  7.33
SOC-R-MON                         -  6.33
SOCCER CHICKS                     -  5.00
SOCCER STARS                      -  4.33
SOUL TAKERS                       -  6.00
SPEED DEMONS                      -  8.33
SPEEDY TURTLES                    -  7.33
SPRINTERS                         -  10.00
STARFISH                          -  7.67
STINKY CHEESE                     -  6.00
STRIKE FORCE                      -  9.33
SUN CHICKS                        -  7.00
SUNKISSED                         -  8.33
SUPER STARS                       -  6.00
T -BIRDS                          -  7.00
TAZMANIACS                        -  7.00
TEAL TITANS                       -  9.00
TEH DRAGONS                       -  9.00
TIDAL WAVES                       -  10.33
TIGERS                            -  8.00
TONYs TIGERSSS                    -  5.00
TOUCANS                           -  5.67
TULIPS                            -  10.00
UN MELLOW YELLOW                  -  6.67
VELOCE CHICKS                     -  7.33
VOLCANO BLAST                     -  3.67

--- ROUND NO:2
Do Not Stop                      -                       Pic si Poc
L & M                            -                        Spartanii
Winner                           -               Hellacious Hackers
AGUlLAS                          -                    ALMOST ANGELS
ANGELS GONE BAD                  -                          ARSENAL
ATOMS                            -                          FALCONS
FIGHTING TIGERS                  -                      FIRE ANGELS
FIRE STRIKERS                    -              FLAMING HOT CHEETOS
FLAME BOYS                       -                       FLASH BACK
FORCE                            -                        FUGITIVES
MAGENTA RAVENS                   -                           MANTIS
MEAN GREEN FIGHTING MACHINE      -                 MIDNIGHT EXPRESS
MIDNIGHT RAIDERS                 -              MIGHTY GRASSHOPPERS
MIGHTY RAPTORS                   -                           MIRAGE
MONARCHS                         -                           MUTINY
SCORING ANGELS                   -                  SECURITY SMURFS
SHARK ATTACK                     -                        SHOCKWAVE
SILVER BUTTERFLIES               -                    SILVER SHARKS
SILVER SURFERS                   -            SLIME GREEN SCORPIONS
SMASHING CLOVERS                 -                        SOC-R-MON
SOCCER CHICKS                    -                     SOCCER STARS
SOUL TAKERS                      -                     SPEED DEMONS
SPEEDY TURTLES                   -                        SPRINTERS
STARFISH                         -                    STINKY CHEESE
STRIKE FORCE                     -                       SUN CHICKS
SUNKISSED                        -                      SUPER STARS
T -BIRDS                         -                       TAZMANIACS
TEAL TITANS                      -                      TEH DRAGONS
TIDAL WAVES                      -                           TIGERS
TONYs TIGERSSS                   -                          TOUCANS
TULIPS                           -                 UN MELLOW YELLOW
VELOCE CHICKS                    -                    VOLCANO BLAST

WINNERS OF ROUND NO:2
VELOCE CHICKS                     -  8.33
TULIPS                            -  11.00
TOUCANS                           -  6.67
TIDAL WAVES                       -  11.33
TEH DRAGONS                       -  10.00
TAZMANIACS                        -  8.00
SUNKISSED                         -  9.33
STRIKE FORCE                      -  10.33
STARFISH                          -  8.67
SPRINTERS                         -  11.00
SPEED DEMONS                      -  9.33
SOCCER CHICKS                     -  6.00
SMASHING CLOVERS                  -  8.33
SILVER SURFERS                    -  6.67
SILVER SHARKS                     -  9.67
SHARK ATTACK                      -  8.67
SECURITY SMURFS                   -  9.67
MONARCHS                          -  7.67
MIRAGE                            -  9.33
MIGHTY GRASSHOPPERS               -  10.33
MEAN GREEN FIGHTING MACHINE       -  8.33
MAGENTA RAVENS                    -  10.33
FUGITIVES                         -  7.67
FLAME BOYS                        -  8.33
FLAMING HOT CHEETOS               -  8.67
FIRE ANGELS                       -  9.67
ATOMS                             -  9.67
ANGELS GONE BAD                   -  11.00
ALMOST ANGELS                     -  8.67
Winner                            -  9.67
L & M                             -  9.33
Do Not Stop                       -  7.33

--- ROUND NO:3
VELOCE CHICKS                    -                           TULIPS
TOUCANS                          -                      TIDAL WAVES
TEH DRAGONS                      -                       TAZMANIACS
SUNKISSED                        -                     STRIKE FORCE
STARFISH                         -                        SPRINTERS
SPEED DEMONS                     -                    SOCCER CHICKS
SMASHING CLOVERS                 -                   SILVER SURFERS
SILVER SHARKS                    -                     SHARK ATTACK
SECURITY SMURFS                  -                         MONARCHS
MIRAGE                           -              MIGHTY GRASSHOPPERS
MEAN GREEN FIGHTING MACHINE      -                   MAGENTA RAVENS
FUGITIVES                        -                       FLAME BOYS
FLAMING HOT CHEETOS              -                      FIRE ANGELS
ATOMS                            -                  ANGELS GONE BAD
ALMOST ANGELS                    -                           Winner
L & M                            -                      Do Not Stop

WINNERS OF ROUND NO:3
L & M                             -  10.33
Winner                            -  10.67
ANGELS GONE BAD                   -  12.00
FIRE ANGELS                       -  10.67
FLAME BOYS                        -  9.33
MAGENTA RAVENS                    -  11.33
MIGHTY GRASSHOPPERS               -  11.33
SECURITY SMURFS                   -  10.67
SILVER SHARKS                     -  10.67
SMASHING CLOVERS                  -  9.33
SPEED DEMONS                      -  10.33
SPRINTERS                         -  12.00
STRIKE FORCE                      -  11.33
TEH DRAGONS                       -  11.00
TIDAL WAVES                       -  12.33
TULIPS                            -  12.00

--- ROUND NO:4
L & M                            -                           Winner
ANGELS GONE BAD                  -                      FIRE ANGELS
FLAME BOYS                       -                   MAGENTA RAVENS
MIGHTY GRASSHOPPERS              -                  SECURITY SMURFS
SILVER SHARKS                    -                 SMASHING CLOVERS
SPEED DEMONS                     -                        SPRINTERS
STRIKE FORCE                     -                      TEH DRAGONS
TIDAL WAVES                      -                           TULIPS

WINNERS OF ROUND NO:4
TIDAL WAVES                       -  13.33
STRIKE FORCE                      -  12.33
SPRINTERS                         -  13.00
SILVER SHARKS                     -  11.67
MIGHTY GRASSHOPPERS               -  12.33
MAGENTA RAVENS                    -  12.33
ANGELS GONE BAD                   -  13.00
Winner                            -  11.67

--- ROUND NO:5
TIDAL WAVES                      -                     STRIKE FORCE
SPRINTERS                        -                    SILVER SHARKS
MIGHTY GRASSHOPPERS              -                   MAGENTA RAVENS
ANGELS GONE BAD                  -                           Winner

WINNERS OF ROUND NO:5
ANGELS GONE BAD                   -  14.00
MAGENTA RAVENS                    -  13.33
SPRINTERS                         -  14.00
TIDAL WAVES                       -  14.33

--- ROUND NO:6
ANGELS GONE BAD                  -                   MAGENTA RAVENS
SPRINTERS                        -                      TIDAL WAVES

WINNERS OF ROUND NO:6
TIDAL WAVES                       -  15.33
ANGELS GONE BAD                   -  15.00

--- ROUND NO:7
TIDAL WAVES                      -                  ANGELS GONE BAD

WINNERS OF ROUND NO:7
TIDAL WAVES                       -  16.33

TIDAL WAVES


TOP 8 TEAMS:
TIDAL WAVES                       -  13.33
SPRINTERS                         -  13.00
ANGELS GONE BAD                   -  13.00
STRIKE FORCE                      -  12.33
MIGHTY GRASSHOPPERS               -  12.33
MAGENTA RAVENS                    -  12.33
Winner                            -  11.67
SILVER SHARKS                     -  11.67

