TYPHOONS
TOUCANS
TIGERS
TEAM USA
TANGERINES
SUPER SONIC SOCCERS
SUGER BEES
STING RAYS
SPRINTERS
SPARKS
SOCCER SISTERS
SNOW DEVILS
SLAMMER
SILVER SHARKS
SHOCKWAVE
SCREAMING EAGLES
MUTINY
MILLENNIUM JUMPERS
MIGHTY GRASSHOPPERS
MENEHUNES
MANTIS
FUGITIVES
FLAMES
FIRE CRACKER
FIRE ANGELS
AWESOME BLOSSOMS
ANTEATERS
ALMOST ANGELS
Cei 4 fantastici
Monster
Pic si Poc
Savage

--- ROUND NO:1
TYPHOONS                         -                          TOUCANS
TIGERS                           -                         TEAM USA
TANGERINES                       -              SUPER SONIC SOCCERS
SUGER BEES                       -                       STING RAYS
SPRINTERS                        -                           SPARKS
SOCCER SISTERS                   -                      SNOW DEVILS
SLAMMER                          -                    SILVER SHARKS
SHOCKWAVE                        -                 SCREAMING EAGLES
MUTINY                           -               MILLENNIUM JUMPERS
MIGHTY GRASSHOPPERS              -                        MENEHUNES
MANTIS                           -                        FUGITIVES
FLAMES                           -                     FIRE CRACKER
FIRE ANGELS                      -                 AWESOME BLOSSOMS
ANTEATERS                        -                    ALMOST ANGELS
Cei 4 fantastici                 -                          Monster
Pic si Poc                       -                           Savage

WINNERS OF ROUND NO:1
Pic si Poc                        -  6.17
Monster                           -  7.50
ALMOST ANGELS                     -  7.58
FIRE ANGELS                       -  7.00
FIRE CRACKER                      -  6.67
MANTIS                            -  6.92
MIGHTY GRASSHOPPERS               -  6.42
MILLENNIUM JUMPERS                -  6.42
SCREAMING EAGLES                  -  6.42
SILVER SHARKS                     -  5.83
SNOW DEVILS                       -  5.17
SPRINTERS                         -  7.92
SUGER BEES                        -  6.42
TANGERINES                        -  7.42
TEAM USA                          -  7.83
TYPHOONS                          -  6.50

--- ROUND NO:2
Pic si Poc                       -                          Monster
ALMOST ANGELS                    -                      FIRE ANGELS
FIRE CRACKER                     -                           MANTIS
MIGHTY GRASSHOPPERS              -               MILLENNIUM JUMPERS
SCREAMING EAGLES                 -                    SILVER SHARKS
SNOW DEVILS                      -                        SPRINTERS
SUGER BEES                       -                       TANGERINES
TEAM USA                         -                         TYPHOONS

WINNERS OF ROUND NO:2
TEAM USA                          -  8.83
TANGERINES                        -  8.42
SPRINTERS                         -  8.92
SCREAMING EAGLES                  -  7.42
MILLENNIUM JUMPERS                -  7.42
MANTIS                            -  7.92
ALMOST ANGELS                     -  8.58
Monster                           -  8.50

--- ROUND NO:3
TEAM USA                         -                       TANGERINES
SPRINTERS                        -                 SCREAMING EAGLES
MILLENNIUM JUMPERS               -                           MANTIS
ALMOST ANGELS                    -                          Monster

WINNERS OF ROUND NO:3
ALMOST ANGELS                     -  9.58
MANTIS                            -  8.92
SPRINTERS                         -  9.92
TEAM USA                          -  9.83

--- ROUND NO:4
ALMOST ANGELS                    -                           MANTIS
SPRINTERS                        -                         TEAM USA

WINNERS OF ROUND NO:4
SPRINTERS                         -  10.92
ALMOST ANGELS                     -  10.58

--- ROUND NO:5
SPRINTERS                        -                    ALMOST ANGELS

WINNERS OF ROUND NO:5
SPRINTERS                         -  11.92

SPRINTERS


TOP 8 TEAMS:
SPRINTERS                         -  8.92
TEAM USA                          -  8.83
ALMOST ANGELS                     -  8.58
Monster                           -  8.50
TANGERINES                        -  8.42
MANTIS                            -  7.92
SCREAMING EAGLES                  -  7.42
MILLENNIUM JUMPERS                -  7.42

THE LEVEL 2 TEAMS ARE: 
SPRINTERS
ALMOST ANGELS
TANGERINES
SCREAMING EAGLES
