VIPERS
VALLEY GIRLS
UN MELLOW YELLOW
TWISTING TORNADOES
TUFF-E-NUFF
TOUCANS
TOO HOT
TIMBERWOLVES
TIDAL WAVES
TERMINATORS
TEAM ROCKETS
TEAL TITANS
TARANTULAS
SWEETHEARTS
SUPER STARS
SUPER POWER GIRLS
SUNFLOWER GIRLS
SUGER BEES
STRIKERS
STINGRAYS
STATIC X
STAR SHOOTERS
SPLASH
SPEEDY TURTLES
SPARK PLUGS
SPACE BABES
SOCCER STARS
SOCCER DIVAS
SOCCER BEES
SNOW DEVILS
SMASHING PUMPKINS
SLICK CHICS
SILVER X- TREME
SILVER STRIKE
SILVER PANTHERS
SILVER BUTTERFLIES
SHOOTING COMETS
SHARKS
SECURITY SMURFS
SCORPIONS
SABRES
MUTINY
MONEY
MIND TRIP
MIGHTY STINGRAYS
MIGHTY PANTHERS
MIGHTY DUCKS
MIDNIGHT RAIDERS
MERCENARIES
MEAN GREEN ALIENS
MAROON MADNESS
MANARCHS
MAD DOGS
FUGITIVES
FLYING DRAGONS
FLASH
FLAME BOYS
FLAMING TIGERS
FIRE CRACKERS
FIRE STRIKERS
FIRE ANTS
FIGHTING IRISH
FALCONS
AVALANCHE

--- ROUND NO:1
VIPERS                           -                     VALLEY GIRLS
UN MELLOW YELLOW                 -               TWISTING TORNADOES
TUFF-E-NUFF                      -                          TOUCANS
TOO HOT                          -                     TIMBERWOLVES
TIDAL WAVES                      -                      TERMINATORS
TEAM ROCKETS                     -                      TEAL TITANS
TARANTULAS                       -                      SWEETHEARTS
SUPER STARS                      -                SUPER POWER GIRLS
SUNFLOWER GIRLS                  -                       SUGER BEES
STRIKERS                         -                        STINGRAYS
STATIC X                         -                    STAR SHOOTERS
SPLASH                           -                   SPEEDY TURTLES
SPARK PLUGS                      -                      SPACE BABES
SOCCER STARS                     -                     SOCCER DIVAS
SOCCER BEES                      -                      SNOW DEVILS
SMASHING PUMPKINS                -                      SLICK CHICS
SILVER X- TREME                  -                    SILVER STRIKE
SILVER PANTHERS                  -               SILVER BUTTERFLIES
SHOOTING COMETS                  -                           SHARKS
SECURITY SMURFS                  -                        SCORPIONS
SABRES                           -                           MUTINY
MONEY                            -                        MIND TRIP
MIGHTY STINGRAYS                 -                  MIGHTY PANTHERS
MIGHTY DUCKS                     -                 MIDNIGHT RAIDERS
MERCENARIES                      -                MEAN GREEN ALIENS
MAROON MADNESS                   -                         MANARCHS
MAD DOGS                         -                        FUGITIVES
FLYING DRAGONS                   -                            FLASH
FLAME BOYS                       -                   FLAMING TIGERS
FIRE CRACKERS                    -                    FIRE STRIKERS
FIRE ANTS                        -                   FIGHTING IRISH
FALCONS                          -                        AVALANCHE

WINNERS OF ROUND NO:1
AVALANCHE                         -  7.00
FIGHTING IRISH                    -  9.00
FIRE STRIKERS                     -  7.00
FLAMING TIGERS                    -  7.40
FLASH                             -  5.60
MAD DOGS                          -  8.40
MANARCHS                          -  6.60
MEAN GREEN ALIENS                 -  7.80
MIGHTY DUCKS                      -  7.40
MIGHTY PANTHERS                   -  5.20
MIND TRIP                         -  8.40
SABRES                            -  4.40
SECURITY SMURFS                   -  9.00
SHARKS                            -  4.20
SILVER PANTHERS                   -  7.40
SILVER X- TREME                   -  4.20
SMASHING PUMPKINS                 -  6.00
SNOW DEVILS                       -  5.60
SOCCER DIVAS                      -  4.80
SPARK PLUGS                       -  8.00
SPLASH                            -  9.40
STAR SHOOTERS                     -  8.20
STRIKERS                          -  7.80
SUNFLOWER GIRLS                   -  7.60
SUPER STARS                       -  5.20
SWEETHEARTS                       -  8.20
TEAL TITANS                       -  8.80
TIDAL WAVES                       -  9.20
TIMBERWOLVES                      -  7.40
TUFF-E-NUFF                       -  8.20
UN MELLOW YELLOW                  -  5.80
VALLEY GIRLS                      -  7.40

--- ROUND NO:2
AVALANCHE                        -                   FIGHTING IRISH
FIRE STRIKERS                    -                   FLAMING TIGERS
FLASH                            -                         MAD DOGS
MANARCHS                         -                MEAN GREEN ALIENS
MIGHTY DUCKS                     -                  MIGHTY PANTHERS
MIND TRIP                        -                           SABRES
SECURITY SMURFS                  -                           SHARKS
SILVER PANTHERS                  -                  SILVER X- TREME
SMASHING PUMPKINS                -                      SNOW DEVILS
SOCCER DIVAS                     -                      SPARK PLUGS
SPLASH                           -                    STAR SHOOTERS
STRIKERS                         -                  SUNFLOWER GIRLS
SUPER STARS                      -                      SWEETHEARTS
TEAL TITANS                      -                      TIDAL WAVES
TIMBERWOLVES                     -                      TUFF-E-NUFF
UN MELLOW YELLOW                 -                     VALLEY GIRLS

WINNERS OF ROUND NO:2
VALLEY GIRLS                      -  8.40
TUFF-E-NUFF                       -  9.20
TIDAL WAVES                       -  10.20
SWEETHEARTS                       -  9.20
STRIKERS                          -  8.80
SPLASH                            -  10.40
SPARK PLUGS                       -  9.00
SMASHING PUMPKINS                 -  7.00
SILVER PANTHERS                   -  8.40
SECURITY SMURFS                   -  10.00
MIND TRIP                         -  9.40
MIGHTY DUCKS                      -  8.40
MEAN GREEN ALIENS                 -  8.80
MAD DOGS                          -  9.40
FLAMING TIGERS                    -  8.40
FIGHTING IRISH                    -  10.00

--- ROUND NO:3
VALLEY GIRLS                     -                      TUFF-E-NUFF
TIDAL WAVES                      -                      SWEETHEARTS
STRIKERS                         -                           SPLASH
SPARK PLUGS                      -                SMASHING PUMPKINS
SILVER PANTHERS                  -                  SECURITY SMURFS
MIND TRIP                        -                     MIGHTY DUCKS
MEAN GREEN ALIENS                -                         MAD DOGS
FLAMING TIGERS                   -                   FIGHTING IRISH

WINNERS OF ROUND NO:3
FIGHTING IRISH                    -  11.00
MAD DOGS                          -  10.40
MIND TRIP                         -  10.40
SECURITY SMURFS                   -  11.00
SPARK PLUGS                       -  10.00
SPLASH                            -  11.40
TIDAL WAVES                       -  11.20
TUFF-E-NUFF                       -  10.20

--- ROUND NO:4
FIGHTING IRISH                   -                         MAD DOGS
MIND TRIP                        -                  SECURITY SMURFS
SPARK PLUGS                      -                           SPLASH
TIDAL WAVES                      -                      TUFF-E-NUFF

WINNERS OF ROUND NO:4
TIDAL WAVES                       -  12.20
SPLASH                            -  12.40
SECURITY SMURFS                   -  12.00
FIGHTING IRISH                    -  12.00

--- ROUND NO:5
TIDAL WAVES                      -                           SPLASH
SECURITY SMURFS                  -                   FIGHTING IRISH

WINNERS OF ROUND NO:5
FIGHTING IRISH                    -  13.00
SPLASH                            -  13.40

--- ROUND NO:6
FIGHTING IRISH                   -                           SPLASH

WINNERS OF ROUND NO:6
SPLASH                            -  14.40

SPLASH


TOP 8 TEAMS:
SPLASH                            -  11.40
TIDAL WAVES                       -  11.20
SECURITY SMURFS                   -  11.00
FIGHTING IRISH                    -  11.00
MIND TRIP                         -  10.40
MAD DOGS                          -  10.40
TUFF-E-NUFF                       -  10.20
SPARK PLUGS                       -  10.00

THE LEVEL 2 TEAMS ARE: 
SPLASH
SECURITY SMURFS
MIND TRIP
TUFF-E-NUFF
