VALLEY GIRLS
TYPHOONS
TSUNAMI
TORNADOES
TIGERS
TERMINATORS
TEAM BUBBLICIOUS
TANGERINES
SURF MONKEYS
SUNSHINE SHOOTERS
SUGER BEES
STONE CRUSHERS
STARS
SPRINTERS
SPEED DEMONS
SPACE BABES
SOCCER SISTERS
SOCCER ANGELS
SMURF-U
SLAMMER
SILVER STRIKE
SILVER JETS
SHOCKWAVE
SERPENTS
SCORCHERS
MUTINY
MOHAWKS
MIGHTY SONS
MIGHTY GRASSHOPPERS
MIDNIGHT MADNESS
MEAN GREEN ALIENS
MANTIS

--- ROUND NO:1
VALLEY GIRLS                     -                         TYPHOONS
TSUNAMI                          -                        TORNADOES
TIGERS                           -                      TERMINATORS
TEAM BUBBLICIOUS                 -                       TANGERINES
SURF MONKEYS                     -                SUNSHINE SHOOTERS
SUGER BEES                       -                   STONE CRUSHERS
STARS                            -                        SPRINTERS
SPEED DEMONS                     -                      SPACE BABES
SOCCER SISTERS                   -                    SOCCER ANGELS
SMURF-U                          -                          SLAMMER
SILVER STRIKE                    -                      SILVER JETS
SHOCKWAVE                        -                         SERPENTS
SCORCHERS                        -                           MUTINY
MOHAWKS                          -                      MIGHTY SONS
MIGHTY GRASSHOPPERS              -                 MIDNIGHT MADNESS
MEAN GREEN ALIENS                -                           MANTIS

WINNERS OF ROUND NO:1
MEAN GREEN ALIENS                 -  7.12
MIGHTY GRASSHOPPERS               -  7.38
MOHAWKS                           -  6.50
SCORCHERS                         -  4.75
SERPENTS                          -  6.88
SILVER JETS                       -  6.88
SMURF-U                           -  5.38
SOCCER ANGELS                     -  5.25
SPEED DEMONS                      -  6.88
SPRINTERS                         -  9.50
STONE CRUSHERS                    -  7.75
SURF MONKEYS                      -  6.50
TEAM BUBBLICIOUS                  -  7.38
TERMINATORS                       -  8.50
TSUNAMI                           -  7.00
VALLEY GIRLS                      -  5.88

--- ROUND NO:2
MEAN GREEN ALIENS                -              MIGHTY GRASSHOPPERS
MOHAWKS                          -                        SCORCHERS
SERPENTS                         -                      SILVER JETS
SMURF-U                          -                    SOCCER ANGELS
SPEED DEMONS                     -                        SPRINTERS
STONE CRUSHERS                   -                     SURF MONKEYS
TEAM BUBBLICIOUS                 -                      TERMINATORS
TSUNAMI                          -                     VALLEY GIRLS

WINNERS OF ROUND NO:2
TSUNAMI                           -  8.00
TERMINATORS                       -  9.50
STONE CRUSHERS                    -  8.75
SPRINTERS                         -  10.50
SMURF-U                           -  6.38
SILVER JETS                       -  7.88
MOHAWKS                           -  7.50
MIGHTY GRASSHOPPERS               -  8.38

--- ROUND NO:3
TSUNAMI                          -                      TERMINATORS
STONE CRUSHERS                   -                        SPRINTERS
SMURF-U                          -                      SILVER JETS
MOHAWKS                          -              MIGHTY GRASSHOPPERS

WINNERS OF ROUND NO:3
MIGHTY GRASSHOPPERS               -  9.38
SILVER JETS                       -  8.88
SPRINTERS                         -  11.50
TERMINATORS                       -  10.50

--- ROUND NO:4
MIGHTY GRASSHOPPERS              -                      SILVER JETS
SPRINTERS                        -                      TERMINATORS

WINNERS OF ROUND NO:4
SPRINTERS                         -  12.50
MIGHTY GRASSHOPPERS               -  10.38

--- ROUND NO:5
SPRINTERS                        -              MIGHTY GRASSHOPPERS

WINNERS OF ROUND NO:5
SPRINTERS                         -  13.50

SPRINTERS


TOP 8 TEAMS:
SPRINTERS                         -  10.50
TERMINATORS                       -  9.50
STONE CRUSHERS                    -  8.75
MIGHTY GRASSHOPPERS               -  8.38
TSUNAMI                           -  8.00
SILVER JETS                       -  7.88
MOHAWKS                           -  7.50
SMURF-U                           -  6.38

THE LEVEL 2 TEAMS ARE: 
SPRINTERS
STONE CRUSHERS
TSUNAMI
MOHAWKS
