VALLEY GIRLS
TWISTING TORNADOES
TOUCANS
TIMBERWOLVES
TERMINATORS
TEAL TITANS
SWEETHEARTS
SUPER POWER GIRLS
SUGER BEES
STINGRAYS
STAR SHOOTERS
SPEEDY TURTLES
SPACE BABES
SOCCER DIVAS
SNOW DEVILS
SLICK CHICS
SILVER STRIKE
SILVER BUTTERFLIES
SHARKS
SCORPIONS
MUTINY
MIND TRIP
MIGHTY PANTHERS
MIDNIGHT RAIDERS
MEAN GREEN ALIENS
MANARCHS
FUGITIVES
FLASH
FLAMING TIGERS
FIRE STRIKERS
FIGHTING IRISH
AVALANCHE

--- ROUND NO:1
VALLEY GIRLS                     -               TWISTING TORNADOES
TOUCANS                          -                     TIMBERWOLVES
TERMINATORS                      -                      TEAL TITANS
SWEETHEARTS                      -                SUPER POWER GIRLS
SUGER BEES                       -                        STINGRAYS
STAR SHOOTERS                    -                   SPEEDY TURTLES
SPACE BABES                      -                     SOCCER DIVAS
SNOW DEVILS                      -                      SLICK CHICS
SILVER STRIKE                    -               SILVER BUTTERFLIES
SHARKS                           -                        SCORPIONS
MUTINY                           -                        MIND TRIP
MIGHTY PANTHERS                  -                 MIDNIGHT RAIDERS
MEAN GREEN ALIENS                -                         MANARCHS
FUGITIVES                        -                            FLASH
FLAMING TIGERS                   -                    FIRE STRIKERS
FIGHTING IRISH                   -                        AVALANCHE

WINNERS OF ROUND NO:1
FIGHTING IRISH                    -  7.80
FLAMING TIGERS                    -  6.20
FUGITIVES                         -  7.00
MEAN GREEN ALIENS                 -  6.60
MIDNIGHT RAIDERS                  -  5.70
MIND TRIP                         -  6.90
SCORPIONS                         -  6.80
SILVER BUTTERFLIES                -  7.00
SLICK CHICS                       -  5.00
SPACE BABES                       -  6.70
SPEEDY TURTLES                    -  7.90
STINGRAYS                         -  7.10
SWEETHEARTS                       -  6.90
TERMINATORS                       -  8.30
TOUCANS                           -  6.70
TWISTING TORNADOES                -  5.50

--- ROUND NO:2
FIGHTING IRISH                   -                   FLAMING TIGERS
FUGITIVES                        -                MEAN GREEN ALIENS
MIDNIGHT RAIDERS                 -                        MIND TRIP
SCORPIONS                        -               SILVER BUTTERFLIES
SLICK CHICS                      -                      SPACE BABES
SPEEDY TURTLES                   -                        STINGRAYS
SWEETHEARTS                      -                      TERMINATORS
TOUCANS                          -               TWISTING TORNADOES

WINNERS OF ROUND NO:2
TOUCANS                           -  7.70
TERMINATORS                       -  9.30
SPEEDY TURTLES                    -  8.90
SPACE BABES                       -  7.70
SILVER BUTTERFLIES                -  8.00
MIND TRIP                         -  7.90
FUGITIVES                         -  8.00
FIGHTING IRISH                    -  8.80

--- ROUND NO:3
TOUCANS                          -                      TERMINATORS
SPEEDY TURTLES                   -                      SPACE BABES
SILVER BUTTERFLIES               -                        MIND TRIP
FUGITIVES                        -                   FIGHTING IRISH

WINNERS OF ROUND NO:3
FIGHTING IRISH                    -  9.80
SILVER BUTTERFLIES                -  9.00
SPEEDY TURTLES                    -  9.90
TERMINATORS                       -  10.30

--- ROUND NO:4
FIGHTING IRISH                   -               SILVER BUTTERFLIES
SPEEDY TURTLES                   -                      TERMINATORS

WINNERS OF ROUND NO:4
TERMINATORS                       -  11.30
FIGHTING IRISH                    -  10.80

--- ROUND NO:5
TERMINATORS                      -                   FIGHTING IRISH

WINNERS OF ROUND NO:5
TERMINATORS                       -  12.30

TERMINATORS

