VOLCANO BLASTERS
VOLCANIC ERUPTIONS
VIOLET VIPERS
VENOM
VALLEY GIRLS
USA HOT CHICKS
UNICORNS
UL TRA VIOLETS
TYPHOONS
TWISTING TORNADOES
TURF DAWGS
TULIPS
TSUNAMI
TROJANS
TOUCANS
TOTAL CHAOS
TORNADOES
TONYs TIGERSSS
TLC
TIMBERWOLVES
TIGERS
TIGER LlLL YS
TERRORIZERS
TERRIFIC TIGERS
TERMINATORS
TEEIE WAHINES
TEAM USA
TEAM KAOS
TEAM BUBBLICIOUS
TEAL TITANS
TAZMANIAN DEVILS
TARZANS
TANGERINES
T -DAWGS
SWEETHEARTS
SURGE
SURF MONKEYS
SUPER SPACE MONKEYS
SUPER SONIC SOCCERS
SUPER POWER GIRLS
SUNSHINE SHOOTERS
SUNKISSED
SUN DRAGONS
SUGAR PLUMS
SUGER BEES
SUBLIME
STRIKING CANDY CANES
STRIKE FORCE
STONE CRUSHERS
STINGRAYS
STING RAYS
STEALTH BOMBERS
STARS
STARFISH
STAR SHOOTERS
STAR BURSTS
SPRINTERS
SPITFIRES
SPIRITS
SPEEDY TURTLES
SPEED DEMONS
SPEED
SPARKS
SPARKLE GIRLS
SPACE BABES
SOUR APPLE
SOCCOLOCO
SOCCER SOLDIERS
SOCCER SISTERS
SOCCER DIVAS
SOCCER BRA TS
SOCCER BOMBS
SOCCER ANGELS
SOARING HUMMINGBIRDS
SNOW DEVILS
SNAPPY DRAGONS
SMURF-U
SMASHING CLOVERS
SLIME SPEEDERS
SLICK CHICS
SLAMMER
SILVERHAWKS
SILVER WOLVES
SILVER SURFERS
SILVER STRIKE
SILVER STARS
SILVER SHARKS
SILVER LIGHTNING
SILVER JETS
SILVER BUTTERFLIES
SILVER BOMBERS
SHOOTING STARS
SHOCKWAVE
SHE DEVILS
SHARKS
SHARK ATTACK
SERPENTS
SEALS
SCREAMING EAGLES
SCORPIONS
SCORCHERS
SABOTAGE
SABA TOOTH TIGERS
MYSTICS
MUTINY
MUD DOGS
MONKEYS
MONARCHS
MOHAWKS
MIND TRIP
MILLENNIUM JUMPERS
MIGHTY WARRIORS
MIGHTY SONS
MIGHTY RAPTORS
MIGHTY PANTHERS
MIGHTY MANIACS
MIGHTY GRASSHOPPERS
MIGHTY DRAGONS
MIGHTY BLUE ANGELS
MIDNIGHT RAIDERS
MIDNIGHT MADNESS
MERCURY
MENEHUNES
MEAN GREEN GECKOS
MEAN GREEN ALIENS
MASTER MEWTWO
MAROON MONKEYS
MARLINS

--- ROUND NO:1
VOLCANO BLASTERS                 -               VOLCANIC ERUPTIONS
VIOLET VIPERS                    -                            VENOM
VALLEY GIRLS                     -                   USA HOT CHICKS
UNICORNS                         -                   UL TRA VIOLETS
TYPHOONS                         -               TWISTING TORNADOES
TURF DAWGS                       -                           TULIPS
TSUNAMI                          -                          TROJANS
TOUCANS                          -                      TOTAL CHAOS
TORNADOES                        -                   TONYs TIGERSSS
TLC                              -                     TIMBERWOLVES
TIGERS                           -                    TIGER LlLL YS
TERRORIZERS                      -                  TERRIFIC TIGERS
TERMINATORS                      -                    TEEIE WAHINES
TEAM USA                         -                        TEAM KAOS
TEAM BUBBLICIOUS                 -                      TEAL TITANS
TAZMANIAN DEVILS                 -                          TARZANS
TANGERINES                       -                         T -DAWGS
SWEETHEARTS                      -                            SURGE
SURF MONKEYS                     -              SUPER SPACE MONKEYS
SUPER SONIC SOCCERS              -                SUPER POWER GIRLS
SUNSHINE SHOOTERS                -                        SUNKISSED
SUN DRAGONS                      -                      SUGAR PLUMS
SUGER BEES                       -                          SUBLIME
STRIKING CANDY CANES             -                     STRIKE FORCE
STONE CRUSHERS                   -                        STINGRAYS
STING RAYS                       -                  STEALTH BOMBERS
STARS                            -                         STARFISH
STAR SHOOTERS                    -                      STAR BURSTS
SPRINTERS                        -                        SPITFIRES
SPIRITS                          -                   SPEEDY TURTLES
SPEED DEMONS                     -                            SPEED
SPARKS                           -                    SPARKLE GIRLS
SPACE BABES                      -                       SOUR APPLE
SOCCOLOCO                        -                  SOCCER SOLDIERS
SOCCER SISTERS                   -                     SOCCER DIVAS
SOCCER BRA TS                    -                     SOCCER BOMBS
SOCCER ANGELS                    -             SOARING HUMMINGBIRDS
SNOW DEVILS                      -                   SNAPPY DRAGONS
SMURF-U                          -                 SMASHING CLOVERS
SLIME SPEEDERS                   -                      SLICK CHICS
SLAMMER                          -                      SILVERHAWKS
SILVER WOLVES                    -                   SILVER SURFERS
SILVER STRIKE                    -                     SILVER STARS
SILVER SHARKS                    -                 SILVER LIGHTNING
SILVER JETS                      -               SILVER BUTTERFLIES
SILVER BOMBERS                   -                   SHOOTING STARS
SHOCKWAVE                        -                       SHE DEVILS
SHARKS                           -                     SHARK ATTACK
SERPENTS                         -                            SEALS
SCREAMING EAGLES                 -                        SCORPIONS
SCORCHERS                        -                         SABOTAGE
SABA TOOTH TIGERS                -                          MYSTICS
MUTINY                           -                         MUD DOGS
MONKEYS                          -                         MONARCHS
MOHAWKS                          -                        MIND TRIP
MILLENNIUM JUMPERS               -                  MIGHTY WARRIORS
MIGHTY SONS                      -                   MIGHTY RAPTORS
MIGHTY PANTHERS                  -                   MIGHTY MANIACS
MIGHTY GRASSHOPPERS              -                   MIGHTY DRAGONS
MIGHTY BLUE ANGELS               -                 MIDNIGHT RAIDERS
MIDNIGHT MADNESS                 -                          MERCURY
MENEHUNES                        -                MEAN GREEN GECKOS
MEAN GREEN ALIENS                -                    MASTER MEWTWO
MAROON MONKEYS                   -                          MARLINS

WINNERS OF ROUND NO:1
MAROON MONKEYS                    -  6.50
MEAN GREEN ALIENS                 -  9.00
MEAN GREEN GECKOS                 -  7.00
MERCURY                           -  7.00
MIGHTY BLUE ANGELS                -  6.00
MIGHTY GRASSHOPPERS               -  10.00
MIGHTY MANIACS                    -  8.00
MIGHTY RAPTORS                    -  6.50
MIGHTY WARRIORS                   -  4.00
MIND TRIP                         -  8.50
MONARCHS                          -  6.50
MUD DOGS                          -  6.50
MYSTICS                           -  6.00
SABOTAGE                          -  5.00
SCREAMING EAGLES                  -  4.00
SERPENTS                          -  10.50
SHARK ATTACK                      -  9.50
SHOCKWAVE                         -  4.50
SILVER BOMBERS                    -  4.50
SILVER BUTTERFLIES                -  7.50
SILVER SHARKS                     -  7.50
SILVER STARS                      -  9.50
SILVER SURFERS                    -  6.00
SILVERHAWKS                       -  5.50
SLIME SPEEDERS                    -  5.00
SMURF-U                           -  8.50
SNOW DEVILS                       -  6.00
SOCCER ANGELS                     -  8.50
SOCCER BOMBS                      -  3.50
SOCCER DIVAS                      -  6.50
SOCCER SOLDIERS                   -  4.50
SPACE BABES                       -  7.50
SPARKLE GIRLS                     -  4.50
SPEED                             -  10.00
SPEEDY TURTLES                    -  9.50
SPRINTERS                         -  9.50
STAR BURSTS                       -  10.00
STARFISH                          -  9.50
STEALTH BOMBERS                   -  3.00
STONE CRUSHERS                    -  6.00
STRIKE FORCE                      -  9.50
SUGER BEES                        -  7.00
SUGAR PLUMS                       -  7.00
SUNKISSED                         -  9.00
SUPER POWER GIRLS                 -  4.50
SURF MONKEYS                      -  6.00
SWEETHEARTS                       -  9.00
T -DAWGS                          -  7.00
TAZMANIAN DEVILS                  -  8.50
TEAL TITANS                       -  9.50
TEAM KAOS                         -  8.00
TERMINATORS                       -  8.50
TERRIFIC TIGERS                   -  9.50
TIGER LlLL YS                     -  10.50
TIMBERWOLVES                      -  10.00
TONYs TIGERSSS                    -  6.00
TOUCANS                           -  8.00
TSUNAMI                           -  6.50
TULIPS                            -  10.50
TWISTING TORNADOES                -  5.00
UL TRA VIOLETS                    -  10.00
VALLEY GIRLS                      -  8.00
VENOM                             -  8.50
VOLCANIC ERUPTIONS                -  4.50

--- ROUND NO:2
MAROON MONKEYS                   -                MEAN GREEN ALIENS
MEAN GREEN GECKOS                -                          MERCURY
MIGHTY BLUE ANGELS               -              MIGHTY GRASSHOPPERS
MIGHTY MANIACS                   -                   MIGHTY RAPTORS
MIGHTY WARRIORS                  -                        MIND TRIP
MONARCHS                         -                         MUD DOGS
MYSTICS                          -                         SABOTAGE
SCREAMING EAGLES                 -                         SERPENTS
SHARK ATTACK                     -                        SHOCKWAVE
SILVER BOMBERS                   -               SILVER BUTTERFLIES
SILVER SHARKS                    -                     SILVER STARS
SILVER SURFERS                   -                      SILVERHAWKS
SLIME SPEEDERS                   -                          SMURF-U
SNOW DEVILS                      -                    SOCCER ANGELS
SOCCER BOMBS                     -                     SOCCER DIVAS
SOCCER SOLDIERS                  -                      SPACE BABES
SPARKLE GIRLS                    -                            SPEED
SPEEDY TURTLES                   -                        SPRINTERS
STAR BURSTS                      -                         STARFISH
STEALTH BOMBERS                  -                   STONE CRUSHERS
STRIKE FORCE                     -                       SUGER BEES
SUGAR PLUMS                      -                        SUNKISSED
SUPER POWER GIRLS                -                     SURF MONKEYS
SWEETHEARTS                      -                         T -DAWGS
TAZMANIAN DEVILS                 -                      TEAL TITANS
TEAM KAOS                        -                      TERMINATORS
TERRIFIC TIGERS                  -                    TIGER LlLL YS
TIMBERWOLVES                     -                   TONYs TIGERSSS
TOUCANS                          -                          TSUNAMI
TULIPS                           -               TWISTING TORNADOES
UL TRA VIOLETS                   -                     VALLEY GIRLS
VENOM                            -               VOLCANIC ERUPTIONS

WINNERS OF ROUND NO:2
VENOM                             -  9.50
UL TRA VIOLETS                    -  11.00
TULIPS                            -  11.50
TOUCANS                           -  9.00
TIMBERWOLVES                      -  11.00
TIGER LlLL YS                     -  11.50
TERMINATORS                       -  9.50
TEAL TITANS                       -  10.50
SWEETHEARTS                       -  10.00
SURF MONKEYS                      -  7.00
SUNKISSED                         -  10.00
STRIKE FORCE                      -  10.50
STONE CRUSHERS                    -  7.00
STAR BURSTS                       -  11.00
SPRINTERS                         -  10.50
SPEED                             -  11.00
SPACE BABES                       -  8.50
SOCCER DIVAS                      -  7.50
SOCCER ANGELS                     -  9.50
SMURF-U                           -  9.50
SILVER SURFERS                    -  7.00
SILVER STARS                      -  10.50
SILVER BUTTERFLIES                -  8.50
SHARK ATTACK                      -  10.50
SERPENTS                          -  11.50
MYSTICS                           -  7.00
MUD DOGS                          -  7.50
MIND TRIP                         -  9.50
MIGHTY MANIACS                    -  9.00
MIGHTY GRASSHOPPERS               -  11.00
MERCURY                           -  8.00
MEAN GREEN ALIENS                 -  10.00

--- ROUND NO:3
VENOM                            -                   UL TRA VIOLETS
TULIPS                           -                          TOUCANS
TIMBERWOLVES                     -                    TIGER LlLL YS
TERMINATORS                      -                      TEAL TITANS
SWEETHEARTS                      -                     SURF MONKEYS
SUNKISSED                        -                     STRIKE FORCE
STONE CRUSHERS                   -                      STAR BURSTS
SPRINTERS                        -                            SPEED
SPACE BABES                      -                     SOCCER DIVAS
SOCCER ANGELS                    -                          SMURF-U
SILVER SURFERS                   -                     SILVER STARS
SILVER BUTTERFLIES               -                     SHARK ATTACK
SERPENTS                         -                          MYSTICS
MUD DOGS                         -                        MIND TRIP
MIGHTY MANIACS                   -              MIGHTY GRASSHOPPERS
MERCURY                          -                MEAN GREEN ALIENS

WINNERS OF ROUND NO:3
MEAN GREEN ALIENS                 -  11.00
MIGHTY GRASSHOPPERS               -  12.00
MIND TRIP                         -  10.50
SERPENTS                          -  12.50
SHARK ATTACK                      -  11.50
SILVER STARS                      -  11.50
SMURF-U                           -  10.50
SPACE BABES                       -  9.50
SPEED                             -  12.00
STAR BURSTS                       -  12.00
STRIKE FORCE                      -  11.50
SWEETHEARTS                       -  11.00
TEAL TITANS                       -  11.50
TIGER LlLL YS                     -  12.50
TULIPS                            -  12.50
UL TRA VIOLETS                    -  12.00

--- ROUND NO:4
MEAN GREEN ALIENS                -              MIGHTY GRASSHOPPERS
MIND TRIP                        -                         SERPENTS
SHARK ATTACK                     -                     SILVER STARS
SMURF-U                          -                      SPACE BABES
SPEED                            -                      STAR BURSTS
STRIKE FORCE                     -                      SWEETHEARTS
TEAL TITANS                      -                    TIGER LlLL YS
TULIPS                           -                   UL TRA VIOLETS

WINNERS OF ROUND NO:4
TULIPS                            -  13.50
TIGER LlLL YS                     -  13.50
STRIKE FORCE                      -  12.50
STAR BURSTS                       -  13.00
SMURF-U                           -  11.50
SILVER STARS                      -  12.50
SERPENTS                          -  13.50
MIGHTY GRASSHOPPERS               -  13.00

--- ROUND NO:5
TULIPS                           -                    TIGER LlLL YS
STRIKE FORCE                     -                      STAR BURSTS
SMURF-U                          -                     SILVER STARS
SERPENTS                         -              MIGHTY GRASSHOPPERS

WINNERS OF ROUND NO:5
SERPENTS                          -  14.50
SILVER STARS                      -  13.50
STAR BURSTS                       -  14.00
TIGER LlLL YS                     -  14.50

--- ROUND NO:6
SERPENTS                         -                     SILVER STARS
STAR BURSTS                      -                    TIGER LlLL YS

WINNERS OF ROUND NO:6
TIGER LlLL YS                     -  15.50
SERPENTS                          -  15.50

--- ROUND NO:7
TIGER LlLL YS                    -                         SERPENTS

WINNERS OF ROUND NO:7
SERPENTS                          -  16.50

SERPENTS

